*** Using Compiler 'V5.06 update 7 (build 960)', folder: 'D:\Keil_v5\ARM\ARMCC\Bin'
Build target 'TRrebuild743'
Note: source file '../Middlewares/Third_Party/FreeRTOS/Source/portable/MemMang/heap_4.c' - object file renamed from 'TRrebuild743\heap_4.o' to 'TRrebuild743\heap_4_1.o'.compiling stm32h7xx_it.c...
compiling user_task.c...
..\User\user_task.c(777): warning:  #550-D: variable "direction"  was set but never used
      static uint8_t direction;
..\User\user_task.c(1253): warning:  #177-D: variable "point"  was declared but never referenced
      Ort info,point;
..\User\user_task.c: 2 warnings, 0 errors
compiling fdcan_bsp.c...
compiling move.c...
compiling VESC_CAN.c...
compiling Resolve.c...
..\User\Resolve.c(216): warning:  #177-D: function "send_velocity"  was declared but never referenced
  void send_velocity(float x,float y,float z)
..\User\Resolve.c: 1 warning, 0 errors
compiling main.c...
../Core/Src/main.c(749): warning:  #550-D: variable "R"  was set but never used
      float R=0,distance=0,maxspeed,speed;
../Core/Src/main.c: 1 warning, 0 errors
compiling my_robot.c...
compiling Elmo_fdcan.c...
compiling GM6020.c...
compiling steering_wheel.c...
compiling freertos.c...
linking...
Program Size: Code=94448 RO-data=3544 RW-data=4564 ZI-data=515500  
FromELF: creating hex file...
"TRrebuild743\TRrebuild743.axf" - 0 Error(s), 4 Warning(s).
Build Time Elapsed:  00:00:22
